<?xml version="1.0" encoding="UTF-8"?>
<!-- Generated by org.testng.reporters.JUnitReportReporter -->
<testsuite skipped="0" hostname="DESKTOP-OC4AKGR" name="com.testcases.Logintest" tests="6" failures="0" timestamp="2020-08-21T21:23:12 CEST" time="64.681" errors="0">
  <testcase name="Testone" time="10.824" classname="com.testcases.Logintest"/>
  <system-out/>
  <testcase name="Testone" time="10.147" classname="com.testcases.Logintest"/>
  <system-out/>
  <testcase name="Testone" time="10.859" classname="com.testcases.Logintest"/>
  <system-out/>
  <testcase name="Testone" time="9.818" classname="com.testcases.Logintest"/>
  <system-out/>
  <testcase name="Testone" time="13.417" classname="com.testcases.Logintest"/>
  <system-out/>
  <testcase name="Testone" time="9.616" classname="com.testcases.Logintest"/>
  <system-out/>
</testsuite> <!-- com.testcases.Logintest -->
